# Logs 

---begin---
165 logs:
[warn] Rakefile - 2016-09-13 09:28:23 +0200
[warn] hash reader - found implicit bool (no) for key; adding quotes to turn into string; see yaml.org/refcard.html (path=)
[warn] no country match found for >Bonaire<; skipping line; in [1-codes/fifa]
[warn] no country match found for >Kosovo<; skipping line; in [1-codes/fifa]
[warn] no country match found for >Zanzibar<; skipping line; in [1-codes/fifa]
[warn] no country match found for >Saint-Martin<; skipping line; in [1-codes/fifa]
[warn] no country match found for >Ashmore and Cartier Islands (AU)<; skipping line; in [1-codes/fips]
[warn] no country match found for >Akrotiri (UK)<; skipping line; in [1-codes/fips]
[warn] no country match found for >Burma<; skipping line; in [1-codes/fips]
[warn] no country match found for >Navassa Island (US)<; skipping line; in [1-codes/fips]
[warn] no country match found for >Bassas da India (FR)<; skipping line; in [1-codes/fips]
[warn] no country match found for >Cocos (Keeling) Islands (AU)<; skipping line; in [1-codes/fips]
[warn] no country match found for >Coral Sea Islands (AU)<; skipping line; in [1-codes/fips]
[warn] no country match found for >Jarvis Island (US)<; skipping line; in [1-codes/fips]
[warn] no country match found for >Dhekelia (UK)<; skipping line; in [1-codes/fips]
[warn] no country match found for >Europa Island (FR)<; skipping line; in [1-codes/fips]
[warn] no country match found for >French Polynesia (FR)<; skipping line; in [1-codes/fips]
[warn] no country match found for >Baker Island (US)<; skipping line; in [1-codes/fips]
[warn] no country match found for >Glorioso Islands (FR)<; skipping line; in [1-codes/fips]
[warn] no country match found for >Gaza Strip (PS)<; skipping line; in [1-codes/fips]
[warn] no country match found for >Howland Island (US)<; skipping line; in [1-codes/fips]
[warn] no country match found for >Clipperton Island (FR)<; skipping line; in [1-codes/fips]
[warn] no country match found for >Jan Mayen (NO)<; skipping line; in [1-codes/fips]
[warn] no country match found for >Johnston Atoll (US)<; skipping line; in [1-codes/fips]
[warn] no country match found for >Juan de Nova Island (FR)<; skipping line; in [1-codes/fips]
[warn] no country match found for >Kingman Reef (US)<; skipping line; in [1-codes/fips]
[warn] no country match found for >Kosovo<; skipping line; in [1-codes/fips]
[warn] no country match found for >Palmyra Atoll (US)<; skipping line; in [1-codes/fips]
[warn] no country match found for >Midway Islands (US)<; skipping line; in [1-codes/fips]
[warn] no country match found for >Paracel Islands (CN)<; skipping line; in [1-codes/fips]
[warn] no country match found for >Spratly Islands<; skipping line; in [1-codes/fips]
[warn] no country match found for >South Kuril Islands (RU)<; skipping line; in [1-codes/fips]
[warn] no country match found for >Svalbard (NO)<; skipping line; in [1-codes/fips]
[warn] no country match found for >South Georgia and South Sandwich Islands (UK)<; skipping line; in [1-codes/fips]
[warn] no country match found for >Saint Barthelemy (FR)<; skipping line; in [1-codes/fips]
[warn] no country match found for >Tromelin Island (FR)<; skipping line; in [1-codes/fips]
[warn] no country match found for >Sao Tome and Principe<; skipping line; in [1-codes/fips]
[warn] no country match found for >West Bank<; skipping line; in [1-codes/fips]
[warn] no country match found for >Western Sahara (MA)<; skipping line; in [1-codes/fips]
[warn] no country match found for >Wake Island (US)<; skipping line; in [1-codes/fips]
[warn] no country match found for >Ascension Island<; skipping line; in [1-codes/internet]
[warn] no country match found for >Netherlands Antilles (NL)<; skipping line; in [1-codes/internet]
[warn] no country match found for >Cocos (Keeling) Islands (AU)<; skipping line; in [1-codes/internet]
[warn] no country match found for >French Polynesia<; skipping line; in [1-codes/internet]
[warn] no country match found for >Saint-Pierre and Miquelon<; skipping line; in [1-codes/internet]
[warn] no country match found for >Svalbard and Jan Mayen Islands<; skipping line; in [1-codes/internet]
[warn] no country match found for >Bonaire<; skipping line; in [1-codes/iso]
[warn] no country match found for >Cabo Verde<; skipping line; in [1-codes/iso]
[warn] no country match found for >Cocos (Keeling) Islands (AU)<; skipping line; in [1-codes/iso]
[warn] no country match found for >French Polynesia (FR)<; skipping line; in [1-codes/iso]
[warn] no country match found for >Sao Tome and Principe<; skipping line; in [1-codes/iso]
[warn] no country match found for >Svalbard and Jan Mayen<; skipping line; in [1-codes/iso]
[warn] no country match found for >United States Minor Outlying Islands (US)<; skipping line; in [1-codes/iso]
[warn] no country match found for >Western Sahara<; skipping line; in [1-codes/iso]
[warn] no country match found for >Burma<; skipping line; in [1-codes/motor]
[warn] no country match found for >Zanzibar<; skipping line; in [1-codes/motor]
[warn] no country match found for >Alderney<; skipping line; in [1-codes/motor]
[warn] no country match found for >Transnistria<; skipping line; in [1-codes/motor]
[warn] no country match found for >Kosovo<; skipping line; in [1-codes/motor]
[warn] no country match found for >Western Sahara<; skipping line; in [1-codes/motor]
[warn] unknown type for value >Erste Liga/Bgld.< - key mattersburg
[warn] unknown type for value >Regionalliga West/Sbg.< - key salzburgii
[warn] unknown type for value >Erste Liga/NÖ< - key wrneustadt
[warn] unknown type for value >Erste Liga/Tirol< - key innsbruck
[warn] unknown type for value >Erste Liga/Vbg.< - key alustenau
[warn] unknown type for value >Erste Liga/NÖ< - key stpoelten
[warn] unknown type for value >Erste Liga/Stmk.< - key ksv
[warn] unknown type for value >Erste Liga/Ktn.< - key aklagenfurt
[warn] unknown type for value >Erste Liga/Sbg.< - key asalzburg
[warn] unknown type for value >Erste Liga/Sbg.< - key liefering
[warn] unknown type for value >Erste Liga/Wien< - key fac
[warn] unknown type for value >Erste Liga/OÖ< - key lask
[warn] unknown type for value >Regionalliga Ost/Bgld.< - key oberwart
[warn] unknown type for value >Regionalliga Ost/Bgld.< - key stegersbach
[warn] unknown type for value >Regionalliga Mitte/Ktn.< - key vsv
[warn] unknown type for value >Regionalliga Mitte/Ktn.< - key klagenfurt
[warn] unknown type for value >Kärntner Liga< - key spittal
[warn] unknown type for value >Regionalliga Ost/NÖ< - key horn
[warn] unknown type for value >Regionalliga Ost/NÖ< - key sollenau
[warn] unknown type for value >Regionalliga Ost/NÖ< - key amstetten
[warn] unknown type for value >Regionalliga Ost/NÖ< - key retz
[warn] unknown type for value >Regionalliga Ost/NÖ< - key obergrafendorf
[warn] unknown type for value >Landesliga/NÖ< - key badvoeslau
[warn] unknown type for value >Landesliga/NÖ< - key gaflenz
[warn] unknown type for value >Landesliga/NÖ< - key ardagger
[warn] unknown type for value >2. Landesliga West/NÖ< - key rohrendorf
[warn] unknown type for value >2. Liga Süd/NÖ< - key heiligenkreuz
[warn] unknown type for value >USC Grafenwörth|Grafenwörth< - key grafenwoerth
[warn] unknown type for value >Regionalliga Mitte/OÖ< - key linz
[warn] unknown type for value >Regionalliga Mitte/OÖ< - key pasching
[warn] unknown type for value >Regionalliga Mitte/OÖ< - key voecklamarkt
[warn] unknown type for value >Regionalliga Mitte/OÖ< - key stflorian
[warn] unknown type for value >Regionalliga Mitte/OÖ< - key wallern
[warn] unknown type for value >OÖ Liga< - key micheldorf
[warn] unknown type for value >Regionalliga West/Sbg.< - key stjohann
[warn] unknown type for value >Regionalliga West/Sbg.< - key neumarkt
[warn] unknown type for value >Regionalliga West/Sbg.< - key seekirchen
[warn] unknown type for value >Regionalliga West/Sbg.< - key walsgruenau
[warn] unknown type for value >Salzburger Liga< - key sak
[warn] unknown type for value >Regionalliga Mitte/Stmk.< - key kalsdorf
[warn] unknown type for value >Regionalliga Mitte/Stmk.< - key gratkorn
[warn] unknown type for value >Regionalliga Mitte/Stmk.< - key allerheiligen
[warn] unknown type for value >Landesliga/Stmk.< - key dsc
[warn] unknown type for value >Regionalliga West/Tirol< - key kufstein
[warn] unknown type for value >Regionalliga West/Tirol< - key wattens
[warn] unknown type for value >Regionalliga West/Tirol< - key schwaz
[warn] unknown type for value >Tirol Liga< - key reutte
[warn] unknown type for value >Regionalliga West/Vbg.< - key hard
[warn] unknown type for value >Regionalliga West/Vbg.< - key bregenz
[warn] unknown type for value >Regionalliga West/Vbg.< - key dornbirn
[warn] unknown type for value >Vorarlberg Liga< - key wolfurt
[warn] city with key lustenau missing
[warn] unknown type for value >Regionalliga Ost/Wien< - key wienersk
[warn] unknown type for value >Regionalliga Ost/Wien< - key viktoria
[warn] city with key cottbus missing
[warn] city with key regensburg missing
[warn] city with key barcelona missing
[warn] city with key barcelona missing
[warn] city with key sevilla missing
[warn] city with key valencia missing
[warn] city with key valencia missing
[warn] city with key malaga missing
[warn] city with key bilbao missing
[warn] city with key granada missing
[warn] city with key vigo missing
[warn] city with key sansebastian missing
[warn] city with key valladolid missing
[warn] city with key acoruna missing
[warn] city with key sevilla missing
[warn] city with key elche missing
[warn] city with key almeria missing
[warn] city with key pamplona missing
[warn] city with key villarreal missing
[warn] city with key palma missing
[warn] city with key zaragoza missing
[warn] city with key milano missing
[warn] city with key milano missing
[warn] city with key roma missing
[warn] city with key roma missing
[warn] city with key genova missing
[warn] city with key genova missing
[warn] city with key torino missing
[warn] city with key torino missing
[warn] city with key napoli missing
[warn] city with key bergamo missing
[warn] city with key verona missing
[warn] city with key firenze missing
[warn] city with key udine missing
[warn] city with key sassuolo missing
[warn] city with key palermo missing
[warn] city with key empoli missing
[warn] city with key bologna missing
[warn] city with key cagliari missing
[warn] city with key crotone missing
[warn] city with key pescara missing
[warn] city with key parma missing
[warn] city with key catania missing
[warn] city with key livorno missing
[warn] city with key siena missing
[warn] city with key carpi missing
[warn] city with key Frosinone missing
[warn] city with key verona missing
[warn] city with key cesena missing
[warn] Rakefile - 2016-09-13 09:35:56 +0200
[warn] Rakefile - 2016-09-13 09:36:59 +0200
---end---


